{
  "RSpec": {
    "coverage": {
      "/vagrant/proyecto-rails-restaurante/app/helpers/application_helper.rb": {
        "lines": [
          1,
          1,
          10,
          10,
          10,
          10,
          10,
          null,
          null
        ]
      },
      "/vagrant/proyecto-rails-restaurante/app/helpers/books_helper.rb": {
        "lines": [
          1,
          1,
          15,
          8,
          7,
          3,
          4,
          1,
          3,
          3,
          null,
          null,
          null,
          1,
          15,
          15,
          3,
          null,
          15,
          null,
          null
        ]
      },
      "/vagrant/proyecto-rails-restaurante/app/helpers/restaurant_helper.rb": {
        "lines": [
          1,
          null
        ]
      },
      "/vagrant/proyecto-rails-restaurante/app/mailers/book_mailer.rb": {
        "lines": [
          1,
          1,
          null,
          1,
          13,
          13,
          13,
          null,
          null,
          1,
          12,
          12,
          12,
          null,
          null,
          1,
          10,
          10,
          null,
          null,
          1,
          5,
          5,
          5,
          null,
          null
        ]
      },
      "/vagrant/proyecto-rails-restaurante/app/mailers/application_mailer.rb": {
        "lines": [
          1,
          1,
          1,
          null
        ]
      },
      "/vagrant/proyecto-rails-restaurante/app/controllers/books_controller.rb": {
        "lines": [
          1,
          1,
          1,
          null,
          1,
          1,
          1,
          1,
          null,
          null,
          1,
          1,
          1,
          null,
          null,
          null,
          1,
          null,
          null,
          1,
          3,
          null,
          null,
          null,
          1,
          2,
          1,
          null,
          null,
          3,
          3,
          3,
          3,
          3,
          3,
          3,
          3,
          null,
          null,
          1,
          1,
          null,
          1,
          null,
          null,
          null,
          null,
          null,
          null,
          null,
          1,
          null,
          1,
          1,
          null,
          1,
          null,
          null,
          null,
          null,
          1,
          null,
          null,
          null,
          null,
          null,
          null,
          0,
          0,
          0,
          null,
          null,
          null,
          null,
          null,
          null,
          1,
          1,
          1,
          null,
          null,
          null,
          1,
          2,
          null,
          null,
          null,
          1,
          null,
          null,
          null,
          1,
          null,
          null,
          6,
          6,
          null,
          6,
          6,
          null,
          4,
          null,
          null,
          null,
          null,
          null,
          null,
          null,
          null,
          2,
          null,
          4,
          4,
          2,
          2,
          4,
          2,
          null,
          4,
          2,
          null,
          null,
          null,
          null,
          null,
          null,
          1,
          3,
          2,
          null,
          3,
          3,
          4,
          2,
          null,
          2,
          1,
          null,
          null,
          null,
          null,
          null,
          1,
          2,
          2,
          4,
          2,
          null,
          null,
          null,
          1,
          null,
          1,
          8,
          null,
          null,
          null,
          1,
          30,
          null,
          null,
          1,
          1,
          null,
          null,
          1,
          2,
          1,
          2,
          null,
          null,
          null,
          null,
          null,
          null,
          null,
          null,
          null,
          1,
          null,
          null,
          null,
          null,
          1,
          1,
          null,
          null,
          1,
          1,
          null,
          null,
          null
        ]
      },
      "/vagrant/proyecto-rails-restaurante/app/controllers/application_controller.rb": {
        "lines": [
          1,
          null
        ]
      },
      "/vagrant/proyecto-rails-restaurante/app/controllers/restaurant_controller.rb": {
        "lines": [
          1,
          1,
          null,
          1,
          3,
          null,
          null,
          1,
          1,
          1,
          1,
          null,
          1,
          null,
          1,
          2,
          1,
          null,
          null,
          null,
          1,
          null,
          null,
          6,
          6,
          null,
          6,
          6,
          null,
          4,
          null,
          null,
          null,
          null,
          null,
          null,
          null,
          null,
          2,
          null,
          4,
          4,
          2,
          2,
          4,
          2,
          null,
          4,
          2,
          null,
          null,
          null,
          null,
          null,
          1,
          null,
          1,
          26,
          null,
          null,
          null
        ]
      },
      "/vagrant/proyecto-rails-restaurante/app/models/book.rb": {
        "lines": [
          1,
          1,
          1,
          null,
          1,
          1,
          1,
          1,
          1,
          1,
          1,
          1,
          1,
          1,
          null,
          null,
          null,
          null,
          null,
          null
        ]
      },
      "/vagrant/proyecto-rails-restaurante/app/models/application_record.rb": {
        "lines": [
          1,
          1,
          null
        ]
      }
    },
    "timestamp": 1619802541
  }
}
